<?xml version="1.0" encoding="UTF-8"?>
<testsuite name="com.craftassignment.urlshortener.common.ShorteningUtilTest" tests="2" skipped="0" failures="0" errors="0" timestamp="2024-02-13T20:15:29" hostname="Administrators-MacBook-Pro.local" time="0.001">
  <properties/>
  <testcase name="shouldConvertMaxLongToShortString" classname="com.craftassignment.urlshortener.common.ShorteningUtilTest" time="0.0"/>
  <testcase name="shouldThrowExceptionWhenShortStrLongerThanTenChars" classname="com.craftassignment.urlshortener.common.ShorteningUtilTest" time="0.001"/>
  <system-out><![CDATA[]]></system-out>
  <system-err><![CDATA[]]></system-err>
</testsuite>
