<?xml version="1.0" encoding="UTF-8"?>
<testsuite name="com.craftassignment.urlshortener.controller.UrlControllerIntegrationTest" tests="5" skipped="0" failures="0" errors="0" timestamp="2024-02-13T20:15:28" hostname="Administrators-MacBook-Pro.local" time="0.301">
  <properties/>
  <testcase name="givenFullUrlReturnJsonWithShortUrlProp" classname="com.craftassignment.urlshortener.controller.UrlControllerIntegrationTest" time="0.212"/>
  <testcase name="shouldNotInsertFullUrlIfAlreadyExists" classname="com.craftassignment.urlshortener.controller.UrlControllerIntegrationTest" time="0.035"/>
  <testcase name="givenFullUrlReturnStatusOk" classname="com.craftassignment.urlshortener.controller.UrlControllerIntegrationTest" time="0.013"/>
  <testcase name="shouldNotInsertFullUrlIfDoesNotExist" classname="com.craftassignment.urlshortener.controller.UrlControllerIntegrationTest" time="0.019"/>
  <testcase name="givenFullUrlReturnJsonWithShortUrlValueHasHttp" classname="com.craftassignment.urlshortener.controller.UrlControllerIntegrationTest" time="0.01"/>
  <system-out><![CDATA[
  .   ____          _            __ _ _
 /\\ / ___'_ __ _ _(_)_ __  __ _ \ \ \ \
( ( )\___ | '_ | '_| | '_ \/ _` | \ \ \ \
 \\/  ___)| |_)| | | | | || (_| |  ) ) ) )
  '  |____| .__|_| |_|_| |_\__, | / / / /
 =========|_|==============|___/=/_/_/_/
 :: Spring Boot ::        (v2.2.4.RELEASE)

2024-02-14 01:45:24.081  INFO 99200 --- [    Test worker] c.c.u.c.UrlControllerIntegrationTest     : Starting UrlControllerIntegrationTest on Administrators-MacBook-Pro.local with PID 99200 (started by ritikagupta in /Users/ritikagupta/Desktop/url-shortener-master)
2024-02-14 01:45:24.082  INFO 99200 --- [    Test worker] c.c.u.c.UrlControllerIntegrationTest     : No active profile set, falling back to default profiles: default
2024-02-14 01:45:24.839  INFO 99200 --- [    Test worker] .s.d.r.c.RepositoryConfigurationDelegate : Bootstrapping Spring Data JPA repositories in DEFAULT mode.
2024-02-14 01:45:24.880  INFO 99200 --- [    Test worker] .s.d.r.c.RepositoryConfigurationDelegate : Finished Spring Data repository scanning in 40ms. Found 1 JPA repository interfaces.
2024-02-14 01:45:25.609  INFO 99200 --- [    Test worker] trationDelegate$BeanPostProcessorChecker : Bean 'org.springframework.transaction.annotation.ProxyTransactionManagementConfiguration' of type [org.springframework.transaction.annotation.ProxyTransactionManagementConfiguration] is not eligible for getting processed by all BeanPostProcessors (for example: not eligible for auto-proxying)
2024-02-14 01:45:26.068  INFO 99200 --- [    Test worker] o.s.b.w.embedded.tomcat.TomcatWebServer  : Tomcat initialized with port(s): 0 (http)
2024-02-14 01:45:26.110  INFO 99200 --- [    Test worker] o.apache.catalina.core.StandardService   : Starting service [Tomcat]
2024-02-14 01:45:26.111  INFO 99200 --- [    Test worker] org.apache.catalina.core.StandardEngine  : Starting Servlet engine: [Apache Tomcat/9.0.30]
2024-02-14 01:45:26.280  INFO 99200 --- [    Test worker] o.a.c.c.C.[Tomcat].[localhost].[/]       : Initializing Spring embedded WebApplicationContext
2024-02-14 01:45:26.281  INFO 99200 --- [    Test worker] o.s.web.context.ContextLoader            : Root WebApplicationContext: initialization completed in 2194 ms
2024-02-14 01:45:26.950  INFO 99200 --- [    Test worker] com.zaxxer.hikari.HikariDataSource       : HikariPool-1 - Starting...
2024-02-14 01:45:26.978  INFO 99200 --- [    Test worker] com.zaxxer.hikari.HikariDataSource       : HikariPool-1 - Start completed.
2024-02-14 01:45:27.016  INFO 99200 --- [    Test worker] o.hibernate.jpa.internal.util.LogHelper  : HHH000204: Processing PersistenceUnitInfo [name: default]
2024-02-14 01:45:27.025  INFO 99200 --- [    Test worker] org.hibernate.dialect.Dialect            : HHH000400: Using dialect: org.hibernate.dialect.H2Dialect
2024-02-14 01:45:27.101  INFO 99200 --- [    Test worker] o.h.e.t.j.p.i.JtaPlatformInitiator       : HHH000490: Using JtaPlatform implementation: [org.hibernate.engine.transaction.jta.platform.internal.NoJtaPlatform]
2024-02-14 01:45:27.102  INFO 99200 --- [    Test worker] j.LocalContainerEntityManagerFactoryBean : Initialized JPA EntityManagerFactory for persistence unit 'default'
2024-02-14 01:45:27.360  WARN 99200 --- [    Test worker] JpaBaseConfiguration$JpaWebConfiguration : spring.jpa.open-in-view is enabled by default. Therefore, database queries may be performed during view rendering. Explicitly configure spring.jpa.open-in-view to disable this warning
2024-02-14 01:45:27.799  INFO 99200 --- [    Test worker] o.s.s.concurrent.ThreadPoolTaskExecutor  : Initializing ExecutorService 'applicationTaskExecutor'
2024-02-14 01:45:28.480  INFO 99200 --- [    Test worker] o.a.c.c.C.[Tomcat].[localhost].[/]       : Initializing Spring TestDispatcherServlet ''
2024-02-14 01:45:28.480  INFO 99200 --- [    Test worker] o.s.t.web.servlet.TestDispatcherServlet  : Initializing Servlet ''
2024-02-14 01:45:28.499  INFO 99200 --- [    Test worker] o.s.b.a.e.web.EndpointLinksResolver      : Exposing 2 endpoint(s) beneath base path '/actuator'
2024-02-14 01:45:28.582  INFO 99200 --- [    Test worker] o.s.t.web.servlet.TestDispatcherServlet  : Completed initialization in 101 ms
2024-02-14 01:45:28.683  INFO 99200 --- [    Test worker] o.s.b.w.embedded.tomcat.TomcatWebServer  : Tomcat started on port(s): 63991 (http) with context path ''
2024-02-14 01:45:28.687  INFO 99200 --- [    Test worker] c.c.u.c.UrlControllerIntegrationTest     : Started UrlControllerIntegrationTest in 4.7 seconds (JVM running for 11.935)
2024-02-14 01:45:28.892  INFO 99200 --- [    Test worker] c.c.urlshortener.service.UrlService      : Checking if the url already exists
2024-02-14 01:45:28.927  INFO 99200 --- [    Test worker] c.c.urlshortener.service.UrlService      : Saving Url https://example.com/foo to database
2024-02-14 01:45:28.942  INFO 99200 --- [    Test worker] c.c.urlshortener.service.UrlService      : Converted Base 10 1 to Base 62 string h
2024-02-14 01:45:28.988  INFO 99200 --- [    Test worker] c.c.urlshortener.service.UrlService      : Checking if the url already exists
2024-02-14 01:45:28.997  INFO 99200 --- [    Test worker] c.c.urlshortener.service.UrlService      : url: Url{id=1, fullUrl='https://example.com/foo', shortUrl='null'} already exists in the database. skipped insert
2024-02-14 01:45:28.999  INFO 99200 --- [    Test worker] c.c.urlshortener.service.UrlService      : Converted Base 10 1 to Base 62 string h
2024-02-14 01:45:29.009  INFO 99200 --- [    Test worker] c.c.urlshortener.service.UrlService      : Checking if the url already exists
2024-02-14 01:45:29.012  INFO 99200 --- [    Test worker] c.c.urlshortener.service.UrlService      : url: Url{id=1, fullUrl='https://example.com/foo', shortUrl='null'} already exists in the database. skipped insert
2024-02-14 01:45:29.012  INFO 99200 --- [    Test worker] c.c.urlshortener.service.UrlService      : Converted Base 10 1 to Base 62 string h
2024-02-14 01:45:29.022  INFO 99200 --- [    Test worker] c.c.urlshortener.service.UrlService      : Checking if the url already exists
2024-02-14 01:45:29.025  INFO 99200 --- [    Test worker] c.c.urlshortener.service.UrlService      : url: Url{id=1, fullUrl='https://example.com/foo', shortUrl='null'} already exists in the database. skipped insert
2024-02-14 01:45:29.025  INFO 99200 --- [    Test worker] c.c.urlshortener.service.UrlService      : Converted Base 10 1 to Base 62 string h
2024-02-14 01:45:29.041  INFO 99200 --- [    Test worker] c.c.urlshortener.service.UrlService      : Checking if the url already exists
2024-02-14 01:45:29.042  INFO 99200 --- [    Test worker] c.c.urlshortener.service.UrlService      : Saving Url https://example.com/foo1 to database
2024-02-14 01:45:29.043  INFO 99200 --- [    Test worker] c.c.urlshortener.service.UrlService      : Converted Base 10 2 to Base 62 string e
2024-02-14 01:45:29.046  INFO 99200 --- [    Test worker] c.c.urlshortener.service.UrlService      : Checking if the url already exists
2024-02-14 01:45:29.047  INFO 99200 --- [    Test worker] c.c.urlshortener.service.UrlService      : Saving Url https://example.com/foo2 to database
2024-02-14 01:45:29.051  INFO 99200 --- [    Test worker] c.c.urlshortener.service.UrlService      : Converted Base 10 3 to Base 62 string o
2024-02-14 01:45:29.061  INFO 99200 --- [    Test worker] c.c.urlshortener.service.UrlService      : Checking if the url already exists
2024-02-14 01:45:29.063  INFO 99200 --- [    Test worker] c.c.urlshortener.service.UrlService      : url: Url{id=1, fullUrl='https://example.com/foo', shortUrl='null'} already exists in the database. skipped insert
2024-02-14 01:45:29.063  INFO 99200 --- [    Test worker] c.c.urlshortener.service.UrlService      : Converted Base 10 1 to Base 62 string h
]]></system-out>
  <system-err><![CDATA[]]></system-err>
</testsuite>
