<?xml version="1.0" encoding="UTF-8"?>
<testsuite name="com.craftassignment.urlshortener.common.UrlUtilTest" tests="4" skipped="0" failures="0" errors="0" timestamp="2024-02-13T20:15:29" hostname="Administrators-MacBook-Pro.local" time="0.01">
  <properties/>
  <testcase name="shouldReturnBaseUrlWhenValidUrlSuppliedWithPort" classname="com.craftassignment.urlshortener.common.UrlUtilTest" time="0.006"/>
  <testcase name="shouldReturnBaseUrlWhenValidUrlSuppliedWithoutPort" classname="com.craftassignment.urlshortener.common.UrlUtilTest" time="0.0"/>
  <testcase name="shouldThrowExceptionWhenMalformedUrlSuppliedWithIllegalChars" classname="com.craftassignment.urlshortener.common.UrlUtilTest" time="0.002"/>
  <testcase name="shouldThrowExceptionWhenMalformedUrlSuppliedWithoutProtocol" classname="com.craftassignment.urlshortener.common.UrlUtilTest" time="0.001"/>
  <system-out><![CDATA[]]></system-out>
  <system-err><![CDATA[]]></system-err>
</testsuite>
